<?xml version="1.0" encoding="UTF-8"?>
<testng-results ignored="0" total="1" passed="1" failed="0" skipped="0">
  <reporter-output>
  </reporter-output>
  <suite started-at="2023-08-08T19:19:57 AST" name="Default suite" finished-at="2023-08-08T19:22:49 AST" duration-ms="172271">
    <groups>
    </groups>
    <test started-at="2023-08-08T19:19:57 AST" name="Default test" finished-at="2023-08-08T19:22:49 AST" duration-ms="172271">
      <class name="org.waseel.dallah.testautomation.BookAppointmentTest">
        <test-method is-config="true" signature="setUp()[pri:0, instance:org.waseel.dallah.testautomation.BookAppointmentTest@43bc63a3]" started-at="2023-08-08T19:19:57 AST" name="setUp" finished-at="2023-08-08T19:20:12 AST" duration-ms="14858" status="PASS">
          <reporter-output>
          </reporter-output>
        </test-method> <!-- setUp -->
        <test-method is-config="true" signature="dontAllowAccessToLocation()[pri:0, instance:org.waseel.dallah.testautomation.BookAppointmentTest@43bc63a3]" started-at="2023-08-08T19:20:12 AST" name="dontAllowAccessToLocation" finished-at="2023-08-08T19:20:22 AST" duration-ms="9957" status="PASS">
          <reporter-output>
          </reporter-output>
        </test-method> <!-- dontAllowAccessToLocation -->
        <test-method signature="bookAppointmentTest()[pri:0, instance:org.waseel.dallah.testautomation.BookAppointmentTest@43bc63a3]" started-at="2023-08-08T19:20:22 AST" name="bookAppointmentTest" finished-at="2023-08-08T19:22:49 AST" duration-ms="147357" status="PASS">
          <reporter-output>
          </reporter-output>
        </test-method> <!-- bookAppointmentTest -->
        <test-method is-config="true" signature="tearDown()[pri:0, instance:org.waseel.dallah.testautomation.BookAppointmentTest@43bc63a3]" started-at="2023-08-08T19:22:49 AST" name="tearDown" finished-at="2023-08-08T19:22:49 AST" duration-ms="1" status="PASS">
          <reporter-output>
          </reporter-output>
        </test-method> <!-- tearDown -->
      </class> <!-- org.waseel.dallah.testautomation.BookAppointmentTest -->
    </test> <!-- Default test -->
  </suite> <!-- Default suite -->
</testng-results>
